[0m2022-07-07 09:10:15 V/Net 3510871411: Loading server list from cache.[0m
[92m2022-07-07 09:10:15 I/Net 3510871411: Server list: 180.101.246.45:8080, 183.47.102.193:14000, 42.81.194.23:443, 123.151.54.150:443, 42.81.184.82:80, 183.47.101.173:8080, msfwifi.3g.qq.com:8080, 180.101.246.26:8080, 180.101.246.202:80, 183.47.98.90:8080.[0m
[92m2022-07-07 09:10:15 I/Net 3510871411: ECDH key is valid.[0m
[0m2022-07-07 09:10:16 V/Net 3510871411: Send: wtlogin.exchange_emp[0m
[0m2022-07-07 09:10:16 V/Net 3510871411: Recv: wtlogin.exchange_emp[0m
[0m2022-07-07 09:10:16 V/Net 3510871411: Send: StatSvc.register(online)[0m
[92m2022-07-07 09:10:16 I/Net 3510871411: Server time updated, serverTime: 1657156216, diff: 0ms=0.0s[0m
[0m2022-07-07 09:10:16 V/Net 3510871411: Recv: StatSvc.register[0m
[0m2022-07-07 09:10:16 V/Net 3510871411: Loading BdhSession from cache file[0m
[92m2022-07-07 09:10:16 I/Net 3510871411: Syncing friend message history...[0m
[0m2022-07-07 09:10:16 V/Net 3510871411: Send: StatSvc.GetDevLoginInfo(StatSvc.GetDevLoginInfo)[0m
[92m2022-07-07 09:10:16 I/Net 3510871411: Start loading friend list...[0m
[92m2022-07-07 09:10:16 I/Net 3510871411: Start loading stranger list...[0m
[0m2022-07-07 09:10:16 V/Net 3510871411: Send: OidbSvc.0x496(OidbSvc.0x496)[0m
[0m2022-07-07 09:10:16 V/Net 3510871411: Send: OidbSvc.0x5d2_0(OidbSvc.0x5d2_0)[0m
[0m2022-07-07 09:10:16 V/Net 3510871411: Send: friendlist.getFriendGroupList(friendlist.getFriendGroupList)[0m
[0m2022-07-07 09:10:16 V/Net 3510871411: Recv: MessageSvc.PushForceOffline[0m
[91m2022-07-07 09:10:16 W/Net 3510871411: An exception was thrown during initialization process of Bot 3510871411. Trying to ignore the error and continue logging in...
StateSwitchingException(old=StateLoading, new=StateClosed, cause=net.mamoe.mirai.internal.network.impl.netty.ForceOfflineException: ä½ çš„QQå·äº7-6 20:22åœ¨ã€JNY-AL10ã€‘è®¾å¤‡ç™»å½•ï¼Œå½“å‰è®¾å¤‡å·²ä¸‹çº¿ã€‚å¦‚æœè¿™ä¸æ˜¯ä½ æœ¬äººæ“ä½œï¼Œé‚£ä¹ˆä½ çš„QQå¯†ç å¯èƒ½å·²ç»æ³„éœ²ï¼Œè¯·å°½å¿«é‡æ–°ç™»å½•å¹¶ä¿®æ”¹å¯†ç ã€‚)
	at net.mamoe.mirai.internal.network.handler.NetworkHandlerSupport.setStateImpl$mirai_core(NetworkHandlerSupport.kt:302)
	at net.mamoe.mirai.internal.network.impl.netty.NettyNetworkHandler.close(NettyNetworkHandler.kt:422)
	at net.mamoe.mirai.internal.network.handler.selector.SelectorNetworkHandler.close(SelectorNetworkHandler.kt:87)
	at net.mamoe.mirai.internal.network.protocol.packet.chat.receive.MessageSvcPushForceOffline.handle(MessageSvc.PushForceOffline.kt:35)
	at net.mamoe.mirai.internal.network.protocol.packet.chat.receive.MessageSvcPushForceOffline.handle(MessageSvc.PushForceOffline.kt:25)
	at net.mamoe.mirai.internal.network.components.CallPacketFactoryPacketHandler.handlePacket(PacketHandler.kt:110)
	at net.mamoe.mirai.internal.network.components.PacketHandlerChain.handlePacket(PacketHandler.kt:42)
	at net.mamoe.mirai.internal.network.handler.NetworkHandlerSupport$collectReceived$3.invokeSuspend(NetworkHandlerSupport.kt:90)
	at net.mamoe.mirai.internal.network.handler.NetworkHandlerSupport$collectReceived$3.invoke(NetworkHandlerSupport.kt)
	at net.mamoe.mirai.internal.network.handler.NetworkHandlerSupport$collectReceived$3.invoke(NetworkHandlerSupport.kt)
	at kotlinx.coroutines.intrinsics.UndispatchedKt.startCoroutineUndispatched(Undispatched.kt:55)
	at kotlinx.coroutines.CoroutineStart.invoke(CoroutineStart.kt:112)
	at kotlinx.coroutines.AbstractCoroutine.start(AbstractCoroutine.kt:126)
	at kotlinx.coroutines.BuildersKt__Builders_commonKt.launch(Builders.common.kt:56)
	at kotlinx.coroutines.BuildersKt.launch(Unknown Source)
	at kotlinx.coroutines.BuildersKt__Builders_commonKt.launch$default(Builders.common.kt:47)
	at kotlinx.coroutines.BuildersKt.launch$default(Unknown Source)
	at net.mamoe.mirai.internal.network.handler.NetworkHandlerSupport.collectReceived$mirai_core(NetworkHandlerSupport.kt:88)
	at net.mamoe.mirai.internal.network.impl.netty.NettyNetworkHandler$PacketDecodePipeline$send$1.invokeSuspend(NettyNetworkHandler.kt:192)
	at kotlin.coroutines.jvm.internal.BaseContinuationImpl.resumeWith(ContinuationImpl.kt:33)
	at kotlinx.coroutines.DispatchedTask.run(DispatchedTask.kt:106)
	at io.netty.util.concurrent.AbstractEventExecutor.safeExecute(AbstractEventExecutor.java:164)
	at io.netty.util.concurrent.SingleThreadEventExecutor.runAllTasks(SingleThreadEventExecutor.java:472)
	at io.netty.channel.nio.NioEventLoop.run(NioEventLoop.java:500)
	at io.netty.util.concurrent.SingleThreadEventExecutor$4.run(SingleThreadEventExecutor.java:989)
	at io.netty.util.internal.ThreadExecutorMap$2.run(ThreadExecutorMap.java:74)
	at io.netty.util.concurrent.FastThreadLocalRunnable.run(FastThreadLocalRunnable.java:30)
	at java.base/java.lang.Thread.run(Unknown Source)
Caused by: net.mamoe.mirai.internal.network.impl.netty.ForceOfflineException: ä½ çš„QQå·äº7-6 20:22åœ¨ã€JNY-AL10ã€‘è®¾å¤‡ç™»å½•ï¼Œå½“å‰è®¾å¤‡å·²ä¸‹çº¿ã€‚å¦‚æœè¿™ä¸æ˜¯ä½ æœ¬äººæ“ä½œï¼Œé‚£ä¹ˆä½ çš„QQå¯†ç å¯èƒ½å·²ç»æ³„éœ²ï¼Œè¯·å°½å¿«é‡æ–°ç™»å½•å¹¶ä¿®æ”¹å¯†ç ã€‚
	... 25 more
	Suppressed: java.util.concurrent.CancellationException: NetworkHandler closed
		at kotlinx.coroutines.ExceptionsKt.CancellationException(Exceptions.kt:22)
		at kotlinx.coroutines.JobKt__JobKt.cancel(Job.kt:596)
		at kotlinx.coroutines.JobKt.cancel(Unknown Source)
		at net.mamoe.mirai.internal.network.handler.NetworkHandlerSupport.close(NetworkHandlerSupport.kt:61)
		at net.mamoe.mirai.internal.network.impl.netty.NettyNetworkHandler.close(NettyNetworkHandler.kt:205)
		at net.mamoe.mirai.internal.network.handler.selector.SelectorNetworkHandler.close(SelectorNetworkHandler.kt:87)
		... 25 more
	Caused by: [CIRCULAR REFERENCE: net.mamoe.mirai.internal.network.impl.netty.ForceOfflineException: ä½ çš„QQå·äº7-6 20:22åœ¨ã€JNY-AL10ã€‘è®¾å¤‡ç™»å½•ï¼Œå½“å‰è®¾å¤‡å·²ä¸‹çº¿ã€‚å¦‚æœè¿™ä¸æ˜¯ä½ æœ¬äººæ“ä½œï¼Œé‚£ä¹ˆä½ çš„QQå¯†ç å¯èƒ½å·²ç»æ³„éœ²ï¼Œè¯·å°½å¿«é‡æ–°ç™»å½•å¹¶ä¿®æ”¹å¯†ç ã€‚]
[0m
[91m2022-07-07 09:10:16 W/Net 3510871411: An exception was thrown during initialization process of Bot 3510871411. Trying to ignore the error and continue logging in...
StateSwitchingException(old=StateLoading, new=StateClosed, cause=net.mamoe.mirai.internal.network.impl.netty.ForceOfflineException: ä½ çš„QQå·äº7-6 20:22åœ¨ã€JNY-AL10ã€‘è®¾å¤‡ç™»å½•ï¼Œå½“å‰è®¾å¤‡å·²ä¸‹çº¿ã€‚å¦‚æœè¿™ä¸æ˜¯ä½ æœ¬äººæ“ä½œï¼Œé‚£ä¹ˆä½ çš„QQå¯†ç å¯èƒ½å·²ç»æ³„éœ²ï¼Œè¯·å°½å¿«é‡æ–°ç™»å½•å¹¶ä¿®æ”¹å¯†ç ã€‚)
	at net.mamoe.mirai.internal.network.handler.NetworkHandlerSupport.setStateImpl$mirai_core(NetworkHandlerSupport.kt:302)
	at net.mamoe.mirai.internal.network.impl.netty.NettyNetworkHandler.close(NettyNetworkHandler.kt:422)
	at net.mamoe.mirai.internal.network.handler.selector.SelectorNetworkHandler.close(SelectorNetworkHandler.kt:87)
	at net.mamoe.mirai.internal.network.protocol.packet.chat.receive.MessageSvcPushForceOffline.handle(MessageSvc.PushForceOffline.kt:35)
	at net.mamoe.mirai.internal.network.protocol.packet.chat.receive.MessageSvcPushForceOffline.handle(MessageSvc.PushForceOffline.kt:25)
	at net.mamoe.mirai.internal.network.components.CallPacketFactoryPacketHandler.handlePacket(PacketHandler.kt:110)
	at net.mamoe.mirai.internal.network.components.PacketHandlerChain.handlePacket(PacketHandler.kt:42)
	at net.mamoe.mirai.internal.network.handler.NetworkHandlerSupport$collectReceived$3.invokeSuspend(NetworkHandlerSupport.kt:90)
	at net.mamoe.mirai.internal.network.handler.NetworkHandlerSupport$collectReceived$3.invoke(NetworkHandlerSupport.kt)
	at net.mamoe.mirai.internal.network.handler.NetworkHandlerSupport$collectReceived$3.invoke(NetworkHandlerSupport.kt)
	at kotlinx.coroutines.intrinsics.UndispatchedKt.startCoroutineUndispatched(Undispatched.kt:55)
	at kotlinx.coroutines.CoroutineStart.invoke(CoroutineStart.kt:112)
	at kotlinx.coroutines.AbstractCoroutine.start(AbstractCoroutine.kt:126)
	at kotlinx.coroutines.BuildersKt__Builders_commonKt.launch(Builders.common.kt:56)
	at kotlinx.coroutines.BuildersKt.launch(Unknown Source)
	at kotlinx.coroutines.BuildersKt__Builders_commonKt.launch$default(Builders.common.kt:47)
	at kotlinx.coroutines.BuildersKt.launch$default(Unknown Source)
	at net.mamoe.mirai.internal.network.handler.NetworkHandlerSupport.collectReceived$mirai_core(NetworkHandlerSupport.kt:88)
	at net.mamoe.mirai.internal.network.impl.netty.NettyNetworkHandler$PacketDecodePipeline$send$1.invokeSuspend(NettyNetworkHandler.kt:192)
	at kotlin.coroutines.jvm.internal.BaseContinuationImpl.resumeWith(ContinuationImpl.kt:33)
	at kotlinx.coroutines.DispatchedTask.run(DispatchedTask.kt:106)
	at io.netty.util.concurrent.AbstractEventExecutor.safeExecute(AbstractEventExecutor.java:164)
	at io.netty.util.concurrent.SingleThreadEventExecutor.runAllTasks(SingleThreadEventExecutor.java:472)
	at io.netty.channel.nio.NioEventLoop.run(NioEventLoop.java:500)
	at io.netty.util.concurrent.SingleThreadEventExecutor$4.run(SingleThreadEventExecutor.java:989)
	at io.netty.util.internal.ThreadExecutorMap$2.run(ThreadExecutorMap.java:74)
	at io.netty.util.concurrent.FastThreadLocalRunnable.run(FastThreadLocalRunnable.java:30)
	at java.base/java.lang.Thread.run(Unknown Source)
Caused by: net.mamoe.mirai.internal.network.impl.netty.ForceOfflineException: ä½ çš„QQå·äº7-6 20:22åœ¨ã€JNY-AL10ã€‘è®¾å¤‡ç™»å½•ï¼Œå½“å‰è®¾å¤‡å·²ä¸‹çº¿ã€‚å¦‚æœè¿™ä¸æ˜¯ä½ æœ¬äººæ“ä½œï¼Œé‚£ä¹ˆä½ çš„QQå¯†ç å¯èƒ½å·²ç»æ³„éœ²ï¼Œè¯·å°½å¿«é‡æ–°ç™»å½•å¹¶ä¿®æ”¹å¯†ç ã€‚
	... 25 more
	Suppressed: java.util.concurrent.CancellationException: NetworkHandler closed
		at kotlinx.coroutines.ExceptionsKt.CancellationException(Exceptions.kt:22)
		at kotlinx.coroutines.JobKt__JobKt.cancel(Job.kt:596)
		at kotlinx.coroutines.JobKt.cancel(Unknown Source)
		at net.mamoe.mirai.internal.network.handler.NetworkHandlerSupport.close(NetworkHandlerSupport.kt:61)
		at net.mamoe.mirai.internal.network.impl.netty.NettyNetworkHandler.close(NettyNetworkHandler.kt:205)
		at net.mamoe.mirai.internal.network.handler.selector.SelectorNetworkHandler.close(SelectorNetworkHandler.kt:87)
		... 25 more
	Caused by: [CIRCULAR REFERENCE: net.mamoe.mirai.internal.network.impl.netty.ForceOfflineException: ä½ çš„QQå·äº7-6 20:22åœ¨ã€JNY-AL10ã€‘è®¾å¤‡ç™»å½•ï¼Œå½“å‰è®¾å¤‡å·²ä¸‹çº¿ã€‚å¦‚æœè¿™ä¸æ˜¯ä½ æœ¬äººæ“ä½œï¼Œé‚£ä¹ˆä½ çš„QQå¯†ç å¯èƒ½å·²ç»æ³„éœ²ï¼Œè¯·å°½å¿«é‡æ–°ç™»å½•å¹¶ä¿®æ”¹å¯†ç ã€‚]
[0m
[31m2022-07-07 09:10:16 E/Net 3510871411: Exception in coroutine 'unnamed'
net.mamoe.mirai.internal.network.impl.netty.ForceOfflineException: ä½ çš„QQå·äº7-6 20:22åœ¨ã€JNY-AL10ã€‘è®¾å¤‡ç™»å½•ï¼Œå½“å‰è®¾å¤‡å·²ä¸‹çº¿ã€‚å¦‚æœè¿™ä¸æ˜¯ä½ æœ¬äººæ“ä½œï¼Œé‚£ä¹ˆä½ çš„QQå¯†ç å¯èƒ½å·²ç»æ³„éœ²ï¼Œè¯·å°½å¿«é‡æ–°ç™»å½•å¹¶ä¿®æ”¹å¯†ç ã€‚
	at net.mamoe.mirai.internal.network.protocol.packet.chat.receive.MessageSvcPushForceOffline.handle(MessageSvc.PushForceOffline.kt:35)
	at net.mamoe.mirai.internal.network.protocol.packet.chat.receive.MessageSvcPushForceOffline.handle(MessageSvc.PushForceOffline.kt:25)
	at net.mamoe.mirai.internal.network.components.CallPacketFactoryPacketHandler.handlePacket(PacketHandler.kt:110)
	at net.mamoe.mirai.internal.network.components.PacketHandlerChain.handlePacket(PacketHandler.kt:42)
	at net.mamoe.mirai.internal.network.handler.NetworkHandlerSupport$collectReceived$3.invokeSuspend(NetworkHandlerSupport.kt:90)
	at net.mamoe.mirai.internal.network.handler.NetworkHandlerSupport$collectReceived$3.invoke(NetworkHandlerSupport.kt)
	at net.mamoe.mirai.internal.network.handler.NetworkHandlerSupport$collectReceived$3.invoke(NetworkHandlerSupport.kt)
	at kotlinx.coroutines.intrinsics.UndispatchedKt.startCoroutineUndispatched(Undispatched.kt:55)
	at kotlinx.coroutines.CoroutineStart.invoke(CoroutineStart.kt:112)
	at kotlinx.coroutines.AbstractCoroutine.start(AbstractCoroutine.kt:126)
	at kotlinx.coroutines.BuildersKt__Builders_commonKt.launch(Builders.common.kt:56)
	at kotlinx.coroutines.BuildersKt.launch(Unknown Source)
	at kotlinx.coroutines.BuildersKt__Builders_commonKt.launch$default(Builders.common.kt:47)
	at kotlinx.coroutines.BuildersKt.launch$default(Unknown Source)
	at net.mamoe.mirai.internal.network.handler.NetworkHandlerSupport.collectReceived$mirai_core(NetworkHandlerSupport.kt:88)
	at net.mamoe.mirai.internal.network.impl.netty.NettyNetworkHandler$PacketDecodePipeline$send$1.invokeSuspend(NettyNetworkHandler.kt:192)
	at kotlin.coroutines.jvm.internal.BaseContinuationImpl.resumeWith(ContinuationImpl.kt:33)
	at kotlinx.coroutines.DispatchedTask.run(DispatchedTask.kt:106)
	at io.netty.util.concurrent.AbstractEventExecutor.safeExecute(AbstractEventExecutor.java:164)
	at io.netty.util.concurrent.SingleThreadEventExecutor.runAllTasks(SingleThreadEventExecutor.java:472)
	at io.netty.channel.nio.NioEventLoop.run(NioEventLoop.java:500)
	at io.netty.util.concurrent.SingleThreadEventExecutor$4.run(SingleThreadEventExecutor.java:989)
	at io.netty.util.internal.ThreadExecutorMap$2.run(ThreadExecutorMap.java:74)
	at io.netty.util.concurrent.FastThreadLocalRunnable.run(FastThreadLocalRunnable.java:30)
	at java.base/java.lang.Thread.run(Unknown Source)
	Suppressed: java.util.concurrent.CancellationException: NetworkHandler closed
		at kotlinx.coroutines.ExceptionsKt.CancellationException(Exceptions.kt:22)
		at kotlinx.coroutines.JobKt__JobKt.cancel(Job.kt:596)
		at kotlinx.coroutines.JobKt.cancel(Unknown Source)
		at net.mamoe.mirai.internal.network.handler.NetworkHandlerSupport.close(NetworkHandlerSupport.kt:61)
		at net.mamoe.mirai.internal.network.impl.netty.NettyNetworkHandler.close(NettyNetworkHandler.kt:205)
		at net.mamoe.mirai.internal.network.handler.selector.SelectorNetworkHandler.close(SelectorNetworkHandler.kt:87)
		... 25 more
	Caused by: [CIRCULAR REFERENCE: net.mamoe.mirai.internal.network.impl.netty.ForceOfflineException: ä½ çš„QQå·äº7-6 20:22åœ¨ã€JNY-AL10ã€‘è®¾å¤‡ç™»å½•ï¼Œå½“å‰è®¾å¤‡å·²ä¸‹çº¿ã€‚å¦‚æœè¿™ä¸æ˜¯ä½ æœ¬äººæ“ä½œï¼Œé‚£ä¹ˆä½ çš„QQå¯†ç å¯èƒ½å·²ç»æ³„éœ²ï¼Œè¯·å°½å¿«é‡æ–°ç™»å½•å¹¶ä¿®æ”¹å¯†ç ã€‚]
[0m
[31m2022-07-07 09:10:16 E/Net 3510871411: Exception in coroutine 'BotInitProcessor.init'
java.lang.IllegalStateException: Exception in attached Job 'BotInitProcessor.init'
	at net.mamoe.mirai.internal.network.handler.state.JobAttachStateObserver$stateChanged0$1.invokeSuspend(JobAttachStateObserver.kt:40)
	at kotlin.coroutines.jvm.internal.BaseContinuationImpl.resumeWith(ContinuationImpl.kt:33)
	at kotlinx.coroutines.DispatchedTask.run(DispatchedTask.kt:104)
	at kotlinx.coroutines.scheduling.CoroutineScheduler.runSafely(CoroutineScheduler.kt:570)
	at kotlinx.coroutines.scheduling.CoroutineScheduler$Worker.executeTask(CoroutineScheduler.kt:749)
	at kotlinx.coroutines.scheduling.CoroutineScheduler$Worker.runWorker(CoroutineScheduler.kt:677)
	at kotlinx.coroutines.scheduling.CoroutineScheduler$Worker.run(CoroutineScheduler.kt:664)
Caused by: net.mamoe.mirai.internal.network.impl.netty.ForceOfflineException: ä½ çš„QQå·äº7-6 20:22åœ¨ã€JNY-AL10ã€‘è®¾å¤‡ç™»å½•ï¼Œå½“å‰è®¾å¤‡å·²ä¸‹çº¿ã€‚å¦‚æœè¿™ä¸æ˜¯ä½ æœ¬äººæ“ä½œï¼Œé‚£ä¹ˆä½ çš„QQå¯†ç å¯èƒ½å·²ç»æ³„éœ²ï¼Œè¯·å°½å¿«é‡æ–°ç™»å½•å¹¶ä¿®æ”¹å¯†ç ã€‚
	at net.mamoe.mirai.internal.network.protocol.packet.chat.receive.MessageSvcPushForceOffline.handle(MessageSvc.PushForceOffline.kt:35)
	at net.mamoe.mirai.internal.network.protocol.packet.chat.receive.MessageSvcPushForceOffline.handle(MessageSvc.PushForceOffline.kt:25)
	at net.mamoe.mirai.internal.network.components.CallPacketFactoryPacketHandler.handlePacket(PacketHandler.kt:110)
	at net.mamoe.mirai.internal.network.components.PacketHandlerChain.handlePacket(PacketHandler.kt:42)
	at net.mamoe.mirai.internal.network.handler.NetworkHandlerSupport$collectReceived$3.invokeSuspend(NetworkHandlerSupport.kt:90)
	at net.mamoe.mirai.internal.network.handler.NetworkHandlerSupport$collectReceived$3.invoke(NetworkHandlerSupport.kt)
	at net.mamoe.mirai.internal.network.handler.NetworkHandlerSupport$collectReceived$3.invoke(NetworkHandlerSupport.kt)
	at kotlinx.coroutines.intrinsics.UndispatchedKt.startCoroutineUndispatched(Undispatched.kt:55)
	at kotlinx.coroutines.CoroutineStart.invoke(CoroutineStart.kt:112)
	at kotlinx.coroutines.AbstractCoroutine.start(AbstractCoroutine.kt:126)
	at kotlinx.coroutines.BuildersKt__Builders_commonKt.launch(Builders.common.kt:56)
	at kotlinx.coroutines.BuildersKt.launch(Unknown Source)
	at kotlinx.coroutines.BuildersKt__Builders_commonKt.launch$default(Builders.common.kt:47)
	at kotlinx.coroutines.BuildersKt.launch$default(Unknown Source)
	at net.mamoe.mirai.internal.network.handler.NetworkHandlerSupport.collectReceived$mirai_core(NetworkHandlerSupport.kt:88)
	at net.mamoe.mirai.internal.network.impl.netty.NettyNetworkHandler$PacketDecodePipeline$send$1.invokeSuspend(NettyNetworkHandler.kt:192)
	at kotlin.coroutines.jvm.internal.BaseContinuationImpl.resumeWith(ContinuationImpl.kt:33)
	at kotlinx.coroutines.DispatchedTask.run(DispatchedTask.kt:106)
	at io.netty.util.concurrent.AbstractEventExecutor.safeExecute(AbstractEventExecutor.java:164)
	at io.netty.util.concurrent.SingleThreadEventExecutor.runAllTasks(SingleThreadEventExecutor.java:472)
	at io.netty.channel.nio.NioEventLoop.run(NioEventLoop.java:500)
	at io.netty.util.concurrent.SingleThreadEventExecutor$4.run(SingleThreadEventExecutor.java:989)
	at io.netty.util.internal.ThreadExecutorMap$2.run(ThreadExecutorMap.java:74)
	at io.netty.util.concurrent.FastThreadLocalRunnable.run(FastThreadLocalRunnable.java:30)
	at java.base/java.lang.Thread.run(Unknown Source)
	Suppressed: java.util.concurrent.CancellationException: NetworkHandler closed
		at kotlinx.coroutines.ExceptionsKt.CancellationException(Exceptions.kt:22)
		at kotlinx.coroutines.JobKt__JobKt.cancel(Job.kt:596)
		at kotlinx.coroutines.JobKt.cancel(Unknown Source)
		at net.mamoe.mirai.internal.network.handler.NetworkHandlerSupport.close(NetworkHandlerSupport.kt:61)
		at net.mamoe.mirai.internal.network.impl.netty.NettyNetworkHandler.close(NettyNetworkHandler.kt:205)
		at net.mamoe.mirai.internal.network.handler.selector.SelectorNetworkHandler.close(SelectorNetworkHandler.kt:87)
		... 25 more
	Caused by: [CIRCULAR REFERENCE: net.mamoe.mirai.internal.network.impl.netty.ForceOfflineException: ä½ çš„QQå·äº7-6 20:22åœ¨ã€JNY-AL10ã€‘è®¾å¤‡ç™»å½•ï¼Œå½“å‰è®¾å¤‡å·²ä¸‹çº¿ã€‚å¦‚æœè¿™ä¸æ˜¯ä½ æœ¬äººæ“ä½œï¼Œé‚£ä¹ˆä½ çš„QQå¯†ç å¯èƒ½å·²ç»æ³„éœ²ï¼Œè¯·å°½å¿«é‡æ–°ç™»å½•å¹¶ä¿®æ”¹å¯†ç ã€‚]
	Suppressed: StateSwitchingException(old=StateLoading, new=StateClosed, cause=net.mamoe.mirai.internal.network.impl.netty.ForceOfflineException: ä½ çš„QQå·äº7-6 20:22åœ¨ã€JNY-AL10ã€‘è®¾å¤‡ç™»å½•ï¼Œå½“å‰è®¾å¤‡å·²ä¸‹çº¿ã€‚å¦‚æœè¿™ä¸æ˜¯ä½ æœ¬äººæ“ä½œï¼Œé‚£ä¹ˆä½ çš„QQå¯†ç å¯èƒ½å·²ç»æ³„éœ²ï¼Œè¯·å°½å¿«é‡æ–°ç™»å½•å¹¶ä¿®æ”¹å¯†ç ã€‚)
		at net.mamoe.mirai.internal.network.handler.NetworkHandlerSupport.setStateImpl$mirai_core(NetworkHandlerSupport.kt:302)
		at net.mamoe.mirai.internal.network.impl.netty.NettyNetworkHandler.close(NettyNetworkHandler.kt:422)
		at net.mamoe.mirai.internal.network.handler.selector.SelectorNetworkHandler.close(SelectorNetworkHandler.kt:87)
		... 25 more
	Caused by: [CIRCULAR REFERENCE: net.mamoe.mirai.internal.network.impl.netty.ForceOfflineException: ä½ çš„QQå·äº7-6 20:22åœ¨ã€JNY-AL10ã€‘è®¾å¤‡ç™»å½•ï¼Œå½“å‰è®¾å¤‡å·²ä¸‹çº¿ã€‚å¦‚æœè¿™ä¸æ˜¯ä½ æœ¬äººæ“ä½œï¼Œé‚£ä¹ˆä½ çš„QQå¯†ç å¯èƒ½å·²ç»æ³„éœ²ï¼Œè¯·å°½å¿«é‡æ–°ç™»å½•å¹¶ä¿®æ”¹å¯†ç ã€‚]
[0m
[0m2022-07-07 09:11:03 V/Net 3510871411: Loading server list from cache.[0m
[92m2022-07-07 09:11:03 I/Net 3510871411: Server list: 180.101.246.45:8080, 183.47.102.193:14000, 42.81.194.23:443, 123.151.54.150:443, 42.81.184.82:80, 183.47.101.173:8080, msfwifi.3g.qq.com:8080, 180.101.246.26:8080, 180.101.246.202:80, 183.47.98.90:8080.[0m
[92m2022-07-07 09:11:03 I/Net 3510871411: ECDH key is invalid, start to fetch ecdh public key from server.[0m
[92m2022-07-07 09:11:03 I/Net 3510871411: Successfully fetched ecdh public key from server.[0m
[0m2022-07-07 09:11:03 V/Net 3510871411: Send: wtlogin.login[0m
[0m2022-07-07 09:11:04 V/Net 3510871411: Recv: wtlogin.login[0m
[0m2022-07-07 09:11:04 V/Net 3510871411: Send: wtlogin.login[0m
[0m2022-07-07 09:11:04 V/Net 3510871411: Recv: wtlogin.login[0m
[0m2022-07-07 09:11:04 V/Net 3510871411: Send: StatSvc.register(online)[0m
[92m2022-07-07 09:11:04 I/Net 3510871411: Server time updated, serverTime: 1657156265, diff: 1ms=0.001s[0m
[0m2022-07-07 09:11:04 V/Net 3510871411: Recv: StatSvc.register[0m
[0m2022-07-07 09:11:04 V/Net 3510871411: Loading BdhSession from cache file[0m
[92m2022-07-07 09:11:04 I/Net 3510871411: Syncing friend message history...[0m
[92m2022-07-07 09:11:04 I/Net 3510871411: Start loading friend list...[0m
[92m2022-07-07 09:11:04 I/Net 3510871411: Start loading stranger list...[0m
[0m2022-07-07 09:11:04 V/Net 3510871411: Send: OidbSvc.0x496(OidbSvc.0x496)[0m
[0m2022-07-07 09:11:04 V/Net 3510871411: Send: StatSvc.GetDevLoginInfo(StatSvc.GetDevLoginInfo)[0m
[0m2022-07-07 09:11:04 V/Net 3510871411: Send: friendlist.getFriendGroupList(friendlist.getFriendGroupList)[0m
[0m2022-07-07 09:11:04 V/Net 3510871411: Send: OidbSvc.0x5d2_0(OidbSvc.0x5d2_0)[0m
[0m2022-07-07 09:11:04 V/Net 3510871411: Recv: OidbSvc.0x5d2_0[0m
[92m2022-07-07 09:11:04 I/Net 3510871411: Successfully loaded stranger list: 0 in total[0m
[0m2022-07-07 09:11:04 V/Net 3510871411: Recv: StatSvc.GetDevLoginInfo[0m
[92m2022-07-07 09:11:04 I/Net 3510871411: No OtherClient online.[0m
[0m2022-07-07 09:11:04 V/Net 3510871411: Recv: OidbSvc.0x496[0m
[92m2022-07-07 09:11:04 I/Net 3510871411: Start loading group list...[0m
[0m2022-07-07 09:11:04 V/Net 3510871411: Send: friendlist.GetTroopListReqV2(friendlist.GetTroopListReqV2)[0m
[0m2022-07-07 09:11:04 V/Net 3510871411: Recv: friendlist.getFriendGroupList[0m
[0m2022-07-07 09:11:04 V/Net 3510871411: Loading friend list: 5/5[0m
[92m2022-07-07 09:11:04 I/Net 3510871411: Successfully loaded friend list: 5 in total[0m
[92m2022-07-07 09:11:04 I/Net 3510871411: Syncing friend message history: Success.[0m
[0m2022-07-07 09:11:04 V/Net 3510871411: Recv: friendlist.GetTroopListReqV2[0m
[0m2022-07-07 09:11:04 V/Net 3510871411: Send: friendlist.GetTroopMemberListReq(friendlist.GetTroopMemberListReq)[0m
[0m2022-07-07 09:11:04 V/Net 3510871411: Send: friendlist.GetTroopMemberListReq(friendlist.GetTroopMemberListReq)[0m
[0m2022-07-07 09:11:04 V/Net 3510871411: Send: friendlist.GetTroopMemberListReq(friendlist.GetTroopMemberListReq)[0m
[0m2022-07-07 09:11:04 V/Net 3510871411: Send: friendlist.GetTroopMemberListReq(friendlist.GetTroopMemberListReq)[0m
[0m2022-07-07 09:11:04 V/Net 3510871411: Send: friendlist.GetTroopMemberListReq(friendlist.GetTroopMemberListReq)[0m
[0m2022-07-07 09:11:04 V/Net 3510871411: Recv: friendlist.GetTroopMemberListReq[0m
[0m2022-07-07 09:11:04 V/Net 3510871411: Recv: friendlist.GetTroopMemberListReq[0m
[0m2022-07-07 09:11:04 V/Net 3510871411: Recv: friendlist.GetTroopMemberListReq[0m
[0m2022-07-07 09:11:04 V/Net 3510871411: Recv: friendlist.GetTroopMemberListReq[0m
[0m2022-07-07 09:11:05 V/Net 3510871411: Recv: friendlist.GetTroopMemberListReq[0m
[92m2022-07-07 09:11:05 I/Net 3510871411: Successfully loaded group list: 5 in total.[0m
[92m2022-07-07 09:11:05 I/Net 3510871411: Scheduled key refresh in 23h 55min 0.0s.[0m
[92m2022-07-07 09:11:05 I/Net 3510871411: Scheduled refresh login session in 19d 23h 55min 0.0s.[0m
[0m2022-07-07 09:11:07 V/Net 3510871411: Saving bdh session to cache[0m
[0m2022-07-07 09:11:07 V/Net 3510871411: Send: ConfigPushSvc.PushResp(ConfigPushSvc.PushResp)[0m
[0m2022-07-07 09:11:07 V/Net 3510871411: Recv: ConfigPushSvc.PushReq[0m
[0m2022-07-07 09:11:51 V/Net 3510871411: Send: MessageSvc.PbSendMsg(MessageSvc.PbSendMsg)[0m
[0m2022-07-07 09:11:52 V/Net 3510871411: Recv: MessageSvc.PbSendMsg[0m
[0m2022-07-07 09:12:04 V/Net 3510871411: Send: MessageSvc.PbSendMsg(MessageSvc.PbSendMsg)[0m
[0m2022-07-07 09:12:05 V/Net 3510871411: Recv: MessageSvc.PbSendMsg[0m
[91m2022-07-07 11:22:56 W/Net 3510871411: NettyChannelException(message=null, cause=java.net.SocketException: Connection reset)
NettyChannelException(message=null, cause=java.net.SocketException: Connection reset)
	at net.mamoe.mirai.internal.network.impl.netty.NettyNetworkHandler$handlePipelineException$1.invoke(NettyNetworkHandler.kt:81)
	at net.mamoe.mirai.internal.network.impl.netty.NettyNetworkHandler$handlePipelineException$1.invoke(NettyNetworkHandler.kt:81)
	at net.mamoe.mirai.internal.network.handler.NetworkHandlerSupport.setStateImpl$mirai_core(NetworkHandlerSupport.kt:288)
	at net.mamoe.mirai.internal.network.impl.netty.NettyNetworkHandler.handlePipelineException(NettyNetworkHandler.kt:419)
	at net.mamoe.mirai.internal.network.impl.netty.NettyNetworkHandler$setupChannelPipeline$1.exceptionCaught(NettyNetworkHandler.kt:122)
	at io.netty.channel.AbstractChannelHandlerContext.invokeExceptionCaught(AbstractChannelHandlerContext.java:302)
	at io.netty.channel.AbstractChannelHandlerContext.invokeExceptionCaught(AbstractChannelHandlerContext.java:281)
	at io.netty.channel.AbstractChannelHandlerContext.fireExceptionCaught(AbstractChannelHandlerContext.java:273)
	at io.netty.channel.DefaultChannelPipeline$HeadContext.exceptionCaught(DefaultChannelPipeline.java:1377)
	at io.netty.channel.AbstractChannelHandlerContext.invokeExceptionCaught(AbstractChannelHandlerContext.java:302)
	at io.netty.channel.AbstractChannelHandlerContext.invokeExceptionCaught(AbstractChannelHandlerContext.java:281)
	at io.netty.channel.DefaultChannelPipeline.fireExceptionCaught(DefaultChannelPipeline.java:907)
	at io.netty.channel.nio.AbstractNioByteChannel$NioByteUnsafe.handleReadException(AbstractNioByteChannel.java:125)
	at io.netty.channel.nio.AbstractNioByteChannel$NioByteUnsafe.read(AbstractNioByteChannel.java:177)
	at io.netty.channel.nio.NioEventLoop.processSelectedKey(NioEventLoop.java:719)
	at io.netty.channel.nio.NioEventLoop.processSelectedKeysOptimized(NioEventLoop.java:655)
	at io.netty.channel.nio.NioEventLoop.processSelectedKeys(NioEventLoop.java:581)
	at io.netty.channel.nio.NioEventLoop.run(NioEventLoop.java:493)
	at io.netty.util.concurrent.SingleThreadEventExecutor$4.run(SingleThreadEventExecutor.java:989)
	at io.netty.util.internal.ThreadExecutorMap$2.run(ThreadExecutorMap.java:74)
	at io.netty.util.concurrent.FastThreadLocalRunnable.run(FastThreadLocalRunnable.java:30)
	at java.base/java.lang.Thread.run(Unknown Source)
Caused by: java.net.SocketException: Connection reset
	at java.base/sun.nio.ch.SocketChannelImpl.throwConnectionReset(Unknown Source)
	at java.base/sun.nio.ch.SocketChannelImpl.read(Unknown Source)
	at io.netty.buffer.PooledByteBuf.setBytes(PooledByteBuf.java:253)
	at io.netty.buffer.AbstractByteBuf.writeBytes(AbstractByteBuf.java:1132)
	at io.netty.channel.socket.nio.NioSocketChannel.doReadBytes(NioSocketChannel.java:350)
	at io.netty.channel.nio.AbstractNioByteChannel$NioByteUnsafe.read(AbstractNioByteChannel.java:151)
	... 8 more
[0m
[91m2022-07-07 11:22:56 W/Net 3510871411: io.netty.channel.AbstractChannel$AnnotatedNoRouteToHostException: No route to host: no further information: /180.101.246.45:8080
io.netty.channel.AbstractChannel$AnnotatedNoRouteToHostException: No route to host: no further information: /180.101.246.45:8080
	Suppressed: kotlinx.coroutines.JobCancellationException: Parent job is Cancelling; job=JobImpl{Cancelled}@7e58174c
	Caused by: [CIRCULAR REFERENCE: io.netty.channel.AbstractChannel$AnnotatedNoRouteToHostException: No route to host: no further information: /180.101.246.45:8080]
	Suppressed: [CIRCULAR REFERENCE: kotlinx.coroutines.JobCancellationException: Parent job is Cancelling; job=JobImpl{Cancelled}@7e58174c]
Caused by: java.net.NoRouteToHostException: No route to host: no further information
	at java.base/sun.nio.ch.Net.pollConnect(Native Method)
	at java.base/sun.nio.ch.Net.pollConnectNow(Unknown Source)
	at java.base/sun.nio.ch.SocketChannelImpl.finishConnect(Unknown Source)
	at io.netty.channel.socket.nio.NioSocketChannel.doFinishConnect(NioSocketChannel.java:330)
	at io.netty.channel.nio.AbstractNioChannel$AbstractNioUnsafe.finishConnect(AbstractNioChannel.java:334)
	at io.netty.channel.nio.NioEventLoop.processSelectedKey(NioEventLoop.java:707)
	at io.netty.channel.nio.NioEventLoop.processSelectedKeysOptimized(NioEventLoop.java:655)
	at io.netty.channel.nio.NioEventLoop.processSelectedKeys(NioEventLoop.java:581)
	at io.netty.channel.nio.NioEventLoop.run(NioEventLoop.java:493)
	at io.netty.util.concurrent.SingleThreadEventExecutor$4.run(SingleThreadEventExecutor.java:989)
	at io.netty.util.internal.ThreadExecutorMap$2.run(ThreadExecutorMap.java:74)
	at io.netty.util.concurrent.FastThreadLocalRunnable.run(FastThreadLocalRunnable.java:30)
	at java.base/java.lang.Thread.run(Unknown Source)
[0m
[91m2022-07-07 11:23:15 W/Net 3510871411: java.net.UnknownHostException: ä¸çŸ¥é“è¿™æ ·çš„ä¸»æœºã€‚ (msfwifi.3g.qq.com)
java.net.UnknownHostException: ä¸çŸ¥é“è¿™æ ·çš„ä¸»æœºã€‚ (msfwifi.3g.qq.com)
	at java.base/java.net.Inet6AddressImpl.lookupAllHostAddr(Native Method)
	at java.base/java.net.InetAddress$PlatformNameService.lookupAllHostAddr(Unknown Source)
	at java.base/java.net.InetAddress.getAddressesFromNameService(Unknown Source)
	at java.base/java.net.InetAddress$NameServiceAddresses.get(Unknown Source)
	at java.base/java.net.InetAddress.getAllByName0(Unknown Source)
	at java.base/java.net.InetAddress.getAllByName(Unknown Source)
	at java.base/java.net.InetAddress.getAllByName(Unknown Source)
	at java.base/java.net.InetAddress.getByName(Unknown Source)
	at io.netty.util.internal.SocketUtils$8.run(SocketUtils.java:156)
	at io.netty.util.internal.SocketUtils$8.run(SocketUtils.java:153)
	at java.base/java.security.AccessController.doPrivileged(Unknown Source)
	at io.netty.util.internal.SocketUtils.addressByName(SocketUtils.java:153)
	at io.netty.resolver.DefaultNameResolver.doResolve(DefaultNameResolver.java:41)
	at io.netty.resolver.SimpleNameResolver.resolve(SimpleNameResolver.java:61)
	at io.netty.resolver.SimpleNameResolver.resolve(SimpleNameResolver.java:53)
	at io.netty.resolver.InetSocketAddressResolver.doResolve(InetSocketAddressResolver.java:55)
	at io.netty.resolver.InetSocketAddressResolver.doResolve(InetSocketAddressResolver.java:31)
	at io.netty.resolver.AbstractAddressResolver.resolve(AbstractAddressResolver.java:106)
	at io.netty.bootstrap.Bootstrap.doResolveAndConnect0(Bootstrap.java:206)
	at io.netty.bootstrap.Bootstrap.access$000(Bootstrap.java:46)
	at io.netty.bootstrap.Bootstrap$1.operationComplete(Bootstrap.java:180)
	at io.netty.bootstrap.Bootstrap$1.operationComplete(Bootstrap.java:166)
	at io.netty.util.concurrent.DefaultPromise.notifyListener0(DefaultPromise.java:578)
	at io.netty.util.concurrent.DefaultPromise.notifyListenersNow(DefaultPromise.java:552)
	at io.netty.util.concurrent.DefaultPromise.notifyListeners(DefaultPromise.java:491)
	at io.netty.util.concurrent.DefaultPromise.setValue0(DefaultPromise.java:616)
	at io.netty.util.concurrent.DefaultPromise.setSuccess0(DefaultPromise.java:605)
	at io.netty.util.concurrent.DefaultPromise.trySuccess(DefaultPromise.java:104)
	at io.netty.channel.DefaultChannelPromise.trySuccess(DefaultChannelPromise.java:84)
	at io.netty.channel.AbstractChannel$AbstractUnsafe.safeSetSuccess(AbstractChannel.java:1012)
	at io.netty.channel.AbstractChannel$AbstractUnsafe.register0(AbstractChannel.java:516)
	at io.netty.channel.AbstractChannel$AbstractUnsafe.access$200(AbstractChannel.java:429)
	at io.netty.channel.AbstractChannel$AbstractUnsafe$1.run(AbstractChannel.java:486)
	at io.netty.util.concurrent.AbstractEventExecutor.safeExecute(AbstractEventExecutor.java:164)
	at io.netty.util.concurrent.SingleThreadEventExecutor.runAllTasks(SingleThreadEventExecutor.java:472)
	at io.netty.channel.nio.NioEventLoop.run(NioEventLoop.java:500)
	at io.netty.util.concurrent.SingleThreadEventExecutor$4.run(SingleThreadEventExecutor.java:989)
	at io.netty.util.internal.ThreadExecutorMap$2.run(ThreadExecutorMap.java:74)
	at io.netty.util.concurrent.FastThreadLocalRunnable.run(FastThreadLocalRunnable.java:30)
	at java.base/java.lang.Thread.run(Unknown Source)
	Suppressed: kotlinx.coroutines.JobCancellationException: Parent job is Cancelling; job=JobImpl{Cancelled}@755f3f7c
	Caused by: [CIRCULAR REFERENCE: java.net.UnknownHostException: ä¸çŸ¥é“è¿™æ ·çš„ä¸»æœºã€‚ (msfwifi.3g.qq.com)]
	Suppressed: [CIRCULAR REFERENCE: kotlinx.coroutines.JobCancellationException: Parent job is Cancelling; job=JobImpl{Cancelled}@755f3f7c]
[0m
[0m2022-07-07 11:23:31 V/Net 3510871411: Loading server list from cache.[0m
[92m2022-07-07 11:23:31 I/Net 3510871411: Server list: 180.101.246.45:8080, 183.47.102.193:14000, 42.81.194.23:443, 123.151.54.150:443, 42.81.184.82:80, 183.47.101.173:8080, msfwifi.3g.qq.com:8080, 180.101.246.26:8080, 180.101.246.202:80, 183.47.98.90:8080.[0m
[92m2022-07-07 11:23:31 I/Net 3510871411: ECDH key is valid.[0m
[0m2022-07-07 11:23:31 V/Net 3510871411: Send: wtlogin.exchange_emp[0m
[0m2022-07-07 11:23:32 V/Net 3510871411: Recv: wtlogin.exchange_emp[0m
[0m2022-07-07 11:23:32 V/Net 3510871411: Send: StatSvc.register(online)[0m
[92m2022-07-07 11:23:32 I/Net 3510871411: Server time updated, serverTime: 1657164213, diff: 1ms=0.001s[0m
[0m2022-07-07 11:23:32 V/Net 3510871411: Recv: StatSvc.register[0m
[92m2022-07-07 11:23:32 I/Net 3510871411: Scheduled key refresh in 23h 55min 0.0s.[0m
[92m2022-07-07 11:23:32 I/Net 3510871411: Scheduled refresh login session in 19d 23h 55min 0.0s.[0m
[92m2022-07-07 11:23:36 I/Net 3510871411: Server list: 36.155.248.76:443, 111.30.169.125:80, 36.155.207.186:8080, 120.241.150.93:14000, 36.155.208.73:14000, 120.232.67.211:8080, 36.155.245.173:80, 120.232.69.214:80, 120.232.130.20:80, msfwifi.3g.qq.com:8080.[0m
[0m2022-07-07 11:23:36 V/Net 3510871411: Saving bdh session to cache[0m
[0m2022-07-07 11:23:36 V/Net 3510871411: Saving server list to cache[0m
[0m2022-07-07 11:23:36 V/Net 3510871411: Send: ConfigPushSvc.PushResp(ConfigPushSvc.PushResp)[0m
[0m2022-07-07 11:23:36 V/Net 3510871411: Recv: ConfigPushSvc.PushReq[0m
[0m2022-07-07 11:23:36 V/Net 3510871411: Saving bdh session to cache[0m
[0m2022-07-07 11:23:36 V/Net 3510871411: Send: ConfigPushSvc.PushResp(ConfigPushSvc.PushResp)[0m
[0m2022-07-07 11:23:36 V/Net 3510871411: Recv: ConfigPushSvc.PushReq[0m
[0m2022-07-07 11:53:14 V/Net 3510871411: Send: StatSvc.register(offline)[0m
