[92m2022-07-05 17:03:33 I/main: Starting mirai-console...[0m[m
[92m2022-07-05 17:03:33 I/main: Backend: version 2.12.0, built on 2022-07-03 10:57:58.[0m[m
[92m2022-07-05 17:03:33 I/main: Frontend Terminal: version 2.12.0, provided by Mamoe Technologies[0m[m
[92m2022-07-05 17:03:33 I/main: Welcome to visit https://mirai.mamoe.net/[0m[m
[91m2022-07-05 17:03:33 W/stderr: SLF4J: Failed to load class "org.slf4j.impl.StaticLoggerBinder".[0m[m
[91m2022-07-05 17:03:33 W/stderr: SLF4J: Defaulting to no-operation (NOP) logger implementation[0m[m
[91m2022-07-05 17:03:33 W/stderr: SLF4J: See http://www.slf4j.org/codes.html#StaticLoggerBinder for further details.[0m[m
[92m2022-07-05 17:04:06 I/plugin: Successfully loaded plugin net.mamoe.mirai-api-http v2.5.2[0m[m
[92m2022-07-05 17:04:06 I/plugin: Successfully loaded plugin MCL Addon v2.0.2[0m[m
[92m2022-07-05 17:04:06 I/main: Prepared built-in commands: autoLogin, help, login, logout, permission, status, stop[0m[m
[91m2022-07-05 17:04:06 W/net.mamoe.mirai-api-http: USING INITIAL KEY, please edit the key[0m[m
[92m2022-07-05 17:04:06 I/Mirai HTTP API: ********************************************************[0m[m
[91m2022-07-05 17:04:06 W/stderr: SLF4J: Failed to load class "org.slf4j.impl.StaticLoggerBinder".[0m[m
[91m2022-07-05 17:04:06 W/stderr: SLF4J: Defaulting to no-operation (NOP) logger implementation[0m[m
[91m2022-07-05 17:04:06 W/stderr: SLF4J: See http://www.slf4j.org/codes.html#StaticLoggerBinder for further details.[0m[m
[92m2022-07-05 17:04:07 I/http adapter: >>> [http adapter] is listening at http://localhost:8080[0m[m
[92m2022-07-05 17:04:07 I/Mirai HTTP API: Http api server is running with verifyKey: INITKEY8LLNFkUa[0m[m
[92m2022-07-05 17:04:07 I/Mirai HTTP API: adaptors: [http][0m[m
[92m2022-07-05 17:04:07 I/Mirai HTTP API: ********************************************************[0m[m
[92m2022-07-05 17:04:07 I/MCL Addon: iTXTech MCL Version: 2.1.0-71ec418[0m[m
[91m2022-07-05 17:04:07 W/MCL Addon: iTXTech Soyuz æœªå®‰è£…ï¼ŒSoyuz MCL Handler ç‰¹æ€§å·²ç¦ç”¨[0m[m
[92m2022-07-05 17:04:07 I/main: 2 plugin(s) enabled.[0m[m
[92m2022-07-05 17:04:07 I/main: mirai-console started successfully.[0m[m
